[2017-05-03 19:11:59,246] INFO [Controller 0]: Controller starting up (kafka.controller.KafkaController)
[2017-05-03 19:11:59,507] INFO [Controller 0]: Controller startup complete (kafka.controller.KafkaController)
[2017-05-03 19:12:02,267] DEBUG [Controller 0]: Controller resigning, broker id 0 (kafka.controller.KafkaController)
[2017-05-03 19:12:02,268] DEBUG [Controller 0]: De-registering IsrChangeNotificationListener (kafka.controller.KafkaController)
[2017-05-03 19:12:02,271] INFO [Partition state machine on Controller 0]: Stopped partition state machine (kafka.controller.PartitionStateMachine)
[2017-05-03 19:12:02,272] INFO [Replica state machine on controller 0]: Stopped replica state machine (kafka.controller.ReplicaStateMachine)
[2017-05-03 19:12:02,273] INFO [Controller 0]: Broker 0 resigned as the controller (kafka.controller.KafkaController)
[2017-05-05 13:31:47,039] INFO [Controller 0]: Controller starting up (kafka.controller.KafkaController)
[2017-05-05 13:31:47,258] INFO [Controller 0]: Controller startup complete (kafka.controller.KafkaController)
[2017-05-05 13:31:48,007] DEBUG [Controller 0]: Controller resigning, broker id 0 (kafka.controller.KafkaController)
[2017-05-05 13:31:48,008] DEBUG [Controller 0]: De-registering IsrChangeNotificationListener (kafka.controller.KafkaController)
[2017-05-05 13:31:48,012] INFO [Partition state machine on Controller 0]: Stopped partition state machine (kafka.controller.PartitionStateMachine)
[2017-05-05 13:31:48,012] INFO [Replica state machine on controller 0]: Stopped replica state machine (kafka.controller.ReplicaStateMachine)
[2017-05-05 13:31:48,013] INFO [Controller 0]: Broker 0 resigned as the controller (kafka.controller.KafkaController)
[2017-05-05 13:31:48,018] INFO [Controller 0]: Broker 0 starting become controller state transition (kafka.controller.KafkaController)
[2017-05-05 13:31:48,024] INFO [Controller 0]: Initialized controller epoch to 7 and zk version 6 (kafka.controller.KafkaController)
[2017-05-05 13:31:48,032] INFO [Controller 0]: Controller 0 incremented epoch to 8 (kafka.controller.KafkaController)
[2017-05-05 13:31:48,033] DEBUG [Controller 0]: Registering IsrChangeNotificationListener (kafka.controller.KafkaController)
[2017-05-05 13:31:48,053] INFO [Controller 0]: Partitions undergoing preferred replica election:  (kafka.controller.KafkaController)
[2017-05-05 13:31:48,054] INFO [Controller 0]: Partitions that completed preferred replica election:  (kafka.controller.KafkaController)
[2017-05-05 13:31:48,054] INFO [Controller 0]: Resuming preferred replica election for partitions:  (kafka.controller.KafkaController)
[2017-05-05 13:31:48,057] INFO [Controller 0]: Partitions being reassigned: Map() (kafka.controller.KafkaController)
[2017-05-05 13:31:48,058] INFO [Controller 0]: Partitions already reassigned: List() (kafka.controller.KafkaController)
[2017-05-05 13:31:48,058] INFO [Controller 0]: Resuming reassignment of partitions: Map() (kafka.controller.KafkaController)
[2017-05-05 13:31:48,062] INFO [Controller 0]: List of topics to be deleted:  (kafka.controller.KafkaController)
[2017-05-05 13:31:48,062] INFO [Controller 0]: List of topics ineligible for deletion:  (kafka.controller.KafkaController)
[2017-05-05 13:31:48,067] INFO [Controller 0]: Currently active brokers in the cluster: Set() (kafka.controller.KafkaController)
[2017-05-05 13:31:48,067] INFO [Controller 0]: Currently shutting brokers in the cluster: Set() (kafka.controller.KafkaController)
[2017-05-05 13:31:48,068] INFO [Controller 0]: Current list of topics in the cluster: Set() (kafka.controller.KafkaController)
[2017-05-05 13:31:48,077] INFO [Replica state machine on controller 0]: Started replica state machine with initial state -> Map() (kafka.controller.ReplicaStateMachine)
[2017-05-05 13:31:48,085] INFO [Partition state machine on Controller 0]: Started partition state machine with initial state -> Map() (kafka.controller.PartitionStateMachine)
[2017-05-05 13:31:48,086] INFO [Controller 0]: Broker 0 is ready to serve as the new controller with epoch 8 (kafka.controller.KafkaController)
[2017-05-05 13:31:48,087] INFO [Controller 0]: Starting preferred replica leader election for partitions  (kafka.controller.KafkaController)
[2017-05-05 13:31:48,092] INFO [Partition state machine on Controller 0]: Invoking state change to OnlinePartition for partitions  (kafka.controller.PartitionStateMachine)
[2017-05-05 13:31:48,101] INFO [Controller 0]: starting the partition rebalance scheduler (kafka.controller.KafkaController)
[2017-05-05 13:31:49,887] DEBUG [Controller 0]: Controller resigning, broker id 0 (kafka.controller.KafkaController)
[2017-05-05 13:31:49,887] DEBUG [Controller 0]: De-registering IsrChangeNotificationListener (kafka.controller.KafkaController)
[2017-05-05 13:31:49,887] INFO [Partition state machine on Controller 0]: Stopped partition state machine (kafka.controller.PartitionStateMachine)
[2017-05-05 13:31:49,887] INFO [Replica state machine on controller 0]: Stopped replica state machine (kafka.controller.ReplicaStateMachine)
[2017-05-05 13:31:49,888] INFO [Controller 0]: Broker 0 resigned as the controller (kafka.controller.KafkaController)
[2017-05-05 13:50:48,526] INFO [Controller 0]: Controller starting up (kafka.controller.KafkaController)
[2017-05-05 13:50:48,601] INFO [Controller 0]: Broker 0 starting become controller state transition (kafka.controller.KafkaController)
[2017-05-05 13:50:48,603] INFO [Controller 0]: Initialized controller epoch to 8 and zk version 7 (kafka.controller.KafkaController)
[2017-05-05 13:50:48,607] INFO [Controller 0]: Controller 0 incremented epoch to 9 (kafka.controller.KafkaController)
[2017-05-05 13:50:48,608] DEBUG [Controller 0]: Registering IsrChangeNotificationListener (kafka.controller.KafkaController)
[2017-05-05 13:50:48,627] INFO [Controller 0]: Partitions undergoing preferred replica election:  (kafka.controller.KafkaController)
[2017-05-05 13:50:48,627] INFO [Controller 0]: Partitions that completed preferred replica election:  (kafka.controller.KafkaController)
[2017-05-05 13:50:48,628] INFO [Controller 0]: Resuming preferred replica election for partitions:  (kafka.controller.KafkaController)
[2017-05-05 13:50:48,632] INFO [Controller 0]: Partitions being reassigned: Map() (kafka.controller.KafkaController)
[2017-05-05 13:50:48,633] INFO [Controller 0]: Partitions already reassigned: List() (kafka.controller.KafkaController)
[2017-05-05 13:50:48,634] INFO [Controller 0]: Resuming reassignment of partitions: Map() (kafka.controller.KafkaController)
[2017-05-05 13:50:48,637] INFO [Controller 0]: List of topics to be deleted:  (kafka.controller.KafkaController)
[2017-05-05 13:50:48,638] INFO [Controller 0]: List of topics ineligible for deletion:  (kafka.controller.KafkaController)
[2017-05-05 13:50:48,642] INFO [Controller 0]: Currently active brokers in the cluster: Set() (kafka.controller.KafkaController)
[2017-05-05 13:50:48,642] INFO [Controller 0]: Currently shutting brokers in the cluster: Set() (kafka.controller.KafkaController)
[2017-05-05 13:50:48,643] INFO [Controller 0]: Current list of topics in the cluster: Set() (kafka.controller.KafkaController)
[2017-05-05 13:50:48,645] INFO [Replica state machine on controller 0]: Started replica state machine with initial state -> Map() (kafka.controller.ReplicaStateMachine)
[2017-05-05 13:50:48,653] INFO [Partition state machine on Controller 0]: Started partition state machine with initial state -> Map() (kafka.controller.PartitionStateMachine)
[2017-05-05 13:50:48,654] INFO [Controller 0]: Broker 0 is ready to serve as the new controller with epoch 9 (kafka.controller.KafkaController)
[2017-05-05 13:50:48,656] INFO [Controller 0]: Starting preferred replica leader election for partitions  (kafka.controller.KafkaController)
[2017-05-05 13:50:48,657] INFO [Partition state machine on Controller 0]: Invoking state change to OnlinePartition for partitions  (kafka.controller.PartitionStateMachine)
[2017-05-05 13:50:48,662] INFO [Controller 0]: starting the partition rebalance scheduler (kafka.controller.KafkaController)
[2017-05-05 13:50:48,662] INFO [Controller 0]: Controller startup complete (kafka.controller.KafkaController)
[2017-05-05 13:50:48,806] INFO [BrokerChangeListener on Controller 0]: Broker change listener fired for path /brokers/ids with children 0 (kafka.controller.ReplicaStateMachine$BrokerChangeListener)
[2017-05-05 13:50:48,840] INFO [BrokerChangeListener on Controller 0]: Newly added brokers: 0, deleted brokers: , all live brokers: 0 (kafka.controller.ReplicaStateMachine$BrokerChangeListener)
[2017-05-05 13:50:48,841] DEBUG [Channel manager on controller 0]: Controller 0 trying to connect to broker 0 (kafka.controller.ControllerChannelManager)
[2017-05-05 13:50:48,859] INFO [Controller-0-to-broker-0-send-thread], Starting  (kafka.controller.RequestSendThread)
[2017-05-05 13:50:48,860] INFO [Controller 0]: New broker startup callback for 0 (kafka.controller.KafkaController)
[2017-05-05 13:50:48,888] INFO [Controller-0-to-broker-0-send-thread], Controller 0 connected to dhcp-161-251.vub.ac.be:9092 (id: 0 rack: null) for sending state change requests (kafka.controller.RequestSendThread)
[2017-05-05 13:50:53,664] TRACE [Controller 0]: checking need to trigger partition rebalance (kafka.controller.KafkaController)
[2017-05-05 13:50:53,666] DEBUG [Controller 0]: preferred replicas by broker Map() (kafka.controller.KafkaController)
[2017-05-05 13:54:07,263] INFO [Controller 0]: Shutting down broker 0 (kafka.controller.KafkaController)
[2017-05-05 13:54:07,264] DEBUG [Controller 0]: All shutting down brokers: 0 (kafka.controller.KafkaController)
[2017-05-05 13:54:07,265] DEBUG [Controller 0]: Live brokers:  (kafka.controller.KafkaController)
[2017-05-05 13:54:07,267] TRACE [Controller 0]: All leaders =  (kafka.controller.KafkaController)
[2017-05-05 13:54:09,670] DEBUG [Controller 0]: Controller resigning, broker id 0 (kafka.controller.KafkaController)
[2017-05-05 13:54:09,671] DEBUG [Controller 0]: De-registering IsrChangeNotificationListener (kafka.controller.KafkaController)
[2017-05-05 13:54:09,673] INFO [Partition state machine on Controller 0]: Stopped partition state machine (kafka.controller.PartitionStateMachine)
[2017-05-05 13:54:09,675] INFO [Replica state machine on controller 0]: Stopped replica state machine (kafka.controller.ReplicaStateMachine)
[2017-05-05 13:54:09,677] INFO [Controller-0-to-broker-0-send-thread], Shutting down (kafka.controller.RequestSendThread)
[2017-05-05 13:54:09,678] INFO [Controller-0-to-broker-0-send-thread], Stopped  (kafka.controller.RequestSendThread)
[2017-05-05 13:54:09,678] INFO [Controller-0-to-broker-0-send-thread], Shutdown completed (kafka.controller.RequestSendThread)
[2017-05-05 13:54:09,679] INFO [Controller 0]: Broker 0 resigned as the controller (kafka.controller.KafkaController)
[2017-05-05 13:54:50,544] INFO [Controller 0]: Controller starting up (kafka.controller.KafkaController)
[2017-05-05 13:54:50,593] INFO [Controller 0]: Broker 0 starting become controller state transition (kafka.controller.KafkaController)
[2017-05-05 13:54:50,595] INFO [Controller 0]: Initialized controller epoch to 9 and zk version 8 (kafka.controller.KafkaController)
[2017-05-05 13:54:50,597] INFO [Controller 0]: Controller 0 incremented epoch to 10 (kafka.controller.KafkaController)
[2017-05-05 13:54:50,599] DEBUG [Controller 0]: Registering IsrChangeNotificationListener (kafka.controller.KafkaController)
[2017-05-05 13:54:50,609] INFO [Controller 0]: Partitions undergoing preferred replica election:  (kafka.controller.KafkaController)
[2017-05-05 13:54:50,610] INFO [Controller 0]: Partitions that completed preferred replica election:  (kafka.controller.KafkaController)
[2017-05-05 13:54:50,610] INFO [Controller 0]: Resuming preferred replica election for partitions:  (kafka.controller.KafkaController)
[2017-05-05 13:54:50,612] INFO [Controller 0]: Partitions being reassigned: Map() (kafka.controller.KafkaController)
[2017-05-05 13:54:50,612] INFO [Controller 0]: Partitions already reassigned: List() (kafka.controller.KafkaController)
[2017-05-05 13:54:50,613] INFO [Controller 0]: Resuming reassignment of partitions: Map() (kafka.controller.KafkaController)
[2017-05-05 13:54:50,618] INFO [Controller 0]: List of topics to be deleted:  (kafka.controller.KafkaController)
[2017-05-05 13:54:50,619] INFO [Controller 0]: List of topics ineligible for deletion:  (kafka.controller.KafkaController)
[2017-05-05 13:54:50,626] INFO [Controller 0]: Currently active brokers in the cluster: Set() (kafka.controller.KafkaController)
[2017-05-05 13:54:50,634] INFO [Controller 0]: Currently shutting brokers in the cluster: Set() (kafka.controller.KafkaController)
[2017-05-05 13:54:50,635] INFO [Controller 0]: Current list of topics in the cluster: Set() (kafka.controller.KafkaController)
[2017-05-05 13:54:50,637] INFO [Replica state machine on controller 0]: Started replica state machine with initial state -> Map() (kafka.controller.ReplicaStateMachine)
[2017-05-05 13:54:50,640] INFO [Partition state machine on Controller 0]: Started partition state machine with initial state -> Map() (kafka.controller.PartitionStateMachine)
[2017-05-05 13:54:50,640] INFO [Controller 0]: Broker 0 is ready to serve as the new controller with epoch 10 (kafka.controller.KafkaController)
[2017-05-05 13:54:50,641] INFO [Controller 0]: Starting preferred replica leader election for partitions  (kafka.controller.KafkaController)
[2017-05-05 13:54:50,642] INFO [Partition state machine on Controller 0]: Invoking state change to OnlinePartition for partitions  (kafka.controller.PartitionStateMachine)
[2017-05-05 13:54:50,645] INFO [Controller 0]: starting the partition rebalance scheduler (kafka.controller.KafkaController)
[2017-05-05 13:54:50,645] INFO [Controller 0]: Controller startup complete (kafka.controller.KafkaController)
[2017-05-05 13:54:50,734] INFO [BrokerChangeListener on Controller 0]: Broker change listener fired for path /brokers/ids with children 0 (kafka.controller.ReplicaStateMachine$BrokerChangeListener)
[2017-05-05 13:54:50,766] INFO [BrokerChangeListener on Controller 0]: Newly added brokers: 0, deleted brokers: , all live brokers: 0 (kafka.controller.ReplicaStateMachine$BrokerChangeListener)
[2017-05-05 13:54:50,767] DEBUG [Channel manager on controller 0]: Controller 0 trying to connect to broker 0 (kafka.controller.ControllerChannelManager)
[2017-05-05 13:54:50,777] INFO [Controller-0-to-broker-0-send-thread], Starting  (kafka.controller.RequestSendThread)
[2017-05-05 13:54:50,778] INFO [Controller 0]: New broker startup callback for 0 (kafka.controller.KafkaController)
[2017-05-05 13:54:50,809] INFO [Controller-0-to-broker-0-send-thread], Controller 0 connected to dhcp-161-251.vub.ac.be:9092 (id: 0 rack: null) for sending state change requests (kafka.controller.RequestSendThread)
[2017-05-05 13:54:55,648] TRACE [Controller 0]: checking need to trigger partition rebalance (kafka.controller.KafkaController)
[2017-05-05 13:54:55,649] DEBUG [Controller 0]: preferred replicas by broker Map() (kafka.controller.KafkaController)
[2017-05-05 13:55:30,012] INFO [Controller 0]: Shutting down broker 0 (kafka.controller.KafkaController)
[2017-05-05 13:55:30,012] DEBUG [Controller 0]: All shutting down brokers: 0 (kafka.controller.KafkaController)
[2017-05-05 13:55:30,013] DEBUG [Controller 0]: Live brokers:  (kafka.controller.KafkaController)
[2017-05-05 13:55:30,015] TRACE [Controller 0]: All leaders =  (kafka.controller.KafkaController)
[2017-05-05 13:55:31,436] DEBUG [Controller 0]: Controller resigning, broker id 0 (kafka.controller.KafkaController)
[2017-05-05 13:55:31,436] DEBUG [Controller 0]: De-registering IsrChangeNotificationListener (kafka.controller.KafkaController)
[2017-05-05 13:55:31,437] INFO [Partition state machine on Controller 0]: Stopped partition state machine (kafka.controller.PartitionStateMachine)
[2017-05-05 13:55:31,438] INFO [Replica state machine on controller 0]: Stopped replica state machine (kafka.controller.ReplicaStateMachine)
[2017-05-05 13:55:31,439] INFO [Controller-0-to-broker-0-send-thread], Shutting down (kafka.controller.RequestSendThread)
[2017-05-05 13:55:31,439] INFO [Controller-0-to-broker-0-send-thread], Stopped  (kafka.controller.RequestSendThread)
[2017-05-05 13:55:31,439] INFO [Controller-0-to-broker-0-send-thread], Shutdown completed (kafka.controller.RequestSendThread)
[2017-05-05 13:55:31,439] INFO [Controller 0]: Broker 0 resigned as the controller (kafka.controller.KafkaController)
