[2017-05-06 15:20:11,553] INFO Starting the log cleaner (kafka.log.LogCleaner)
[2017-05-06 15:20:11,555] INFO [kafka-log-cleaner-thread-0], Starting  (kafka.log.LogCleaner)
[2017-05-06 15:24:22,992] INFO Shutting down the log cleaner. (kafka.log.LogCleaner)
[2017-05-06 15:24:22,993] INFO [kafka-log-cleaner-thread-0], Shutting down (kafka.log.LogCleaner)
[2017-05-06 15:24:22,993] INFO [kafka-log-cleaner-thread-0], Stopped  (kafka.log.LogCleaner)
[2017-05-06 15:24:22,993] INFO [kafka-log-cleaner-thread-0], Shutdown completed (kafka.log.LogCleaner)
[2017-05-06 15:25:28,914] INFO Starting the log cleaner (kafka.log.LogCleaner)
[2017-05-06 15:25:28,916] INFO [kafka-log-cleaner-thread-0], Starting  (kafka.log.LogCleaner)
[2017-05-06 15:29:25,087] INFO Shutting down the log cleaner. (kafka.log.LogCleaner)
[2017-05-06 15:29:25,087] INFO [kafka-log-cleaner-thread-0], Shutting down (kafka.log.LogCleaner)
[2017-05-06 15:29:25,088] INFO [kafka-log-cleaner-thread-0], Shutdown completed (kafka.log.LogCleaner)
[2017-05-06 15:29:25,088] INFO [kafka-log-cleaner-thread-0], Stopped  (kafka.log.LogCleaner)
[2017-05-06 15:31:57,925] INFO Starting the log cleaner (kafka.log.LogCleaner)
[2017-05-06 15:31:57,927] INFO [kafka-log-cleaner-thread-0], Starting  (kafka.log.LogCleaner)
[2017-05-06 15:33:47,113] INFO Shutting down the log cleaner. (kafka.log.LogCleaner)
[2017-05-06 15:33:47,114] INFO [kafka-log-cleaner-thread-0], Shutting down (kafka.log.LogCleaner)
[2017-05-06 15:33:47,114] INFO [kafka-log-cleaner-thread-0], Stopped  (kafka.log.LogCleaner)
[2017-05-06 15:33:47,114] INFO [kafka-log-cleaner-thread-0], Shutdown completed (kafka.log.LogCleaner)
[2017-05-06 15:34:54,816] INFO Starting the log cleaner (kafka.log.LogCleaner)
[2017-05-06 15:34:54,818] INFO [kafka-log-cleaner-thread-0], Starting  (kafka.log.LogCleaner)
[2017-05-06 15:38:15,864] INFO Shutting down the log cleaner. (kafka.log.LogCleaner)
[2017-05-06 15:38:15,864] INFO [kafka-log-cleaner-thread-0], Shutting down (kafka.log.LogCleaner)
[2017-05-06 15:38:15,865] INFO [kafka-log-cleaner-thread-0], Stopped  (kafka.log.LogCleaner)
[2017-05-06 15:38:15,865] INFO [kafka-log-cleaner-thread-0], Shutdown completed (kafka.log.LogCleaner)
[2017-05-06 15:45:57,599] INFO Starting the log cleaner (kafka.log.LogCleaner)
[2017-05-06 15:45:57,602] INFO [kafka-log-cleaner-thread-0], Starting  (kafka.log.LogCleaner)
