[2017-05-05 20:07:58,985] INFO starting (kafka.server.KafkaServer)
[2017-05-05 20:07:59,000] INFO Connecting to zookeeper on localhost:2181 (kafka.server.KafkaServer)
[2017-05-05 20:07:59,015] INFO Starting ZkClient event thread. (org.I0Itec.zkclient.ZkEventThread)
[2017-05-05 20:07:59,042] INFO Waiting for keeper state SyncConnected (org.I0Itec.zkclient.ZkClient)
[2017-05-05 20:08:04,090] INFO zookeeper state changed (SyncConnected) (org.I0Itec.zkclient.ZkClient)
[2017-05-05 20:08:04,155] INFO Log directory '/Users/oguzgelal/Core/Oguz/web/LATEST/kanban/target/lagom-dynamic-projects/lagom-internal-meta-project-kafka/target/kafka_data' not found, creating it. (kafka.log.LogManager)
[2017-05-05 20:08:04,172] INFO Loading logs. (kafka.log.LogManager)
[2017-05-05 20:08:04,178] INFO Logs loading complete. (kafka.log.LogManager)
[2017-05-05 20:08:04,310] INFO Starting log cleanup with a period of 300000 ms. (kafka.log.LogManager)
[2017-05-05 20:08:04,313] INFO Starting log flusher with a default period of 9223372036854775807 ms. (kafka.log.LogManager)
[2017-05-05 20:08:04,317] WARN No meta.properties file under dir /Users/oguzgelal/Core/Oguz/web/LATEST/kanban/target/lagom-dynamic-projects/lagom-internal-meta-project-kafka/target/kafka_data/meta.properties (kafka.server.BrokerMetadataCheckpoint)
[2017-05-05 20:08:04,363] INFO Awaiting socket connections on 0.0.0.0:9092. (kafka.network.Acceptor)
[2017-05-05 20:08:04,366] INFO [Socket Server on Broker 0], Started 1 acceptor threads (kafka.network.SocketServer)
[2017-05-05 20:08:04,388] INFO [ExpirationReaper-0], Starting  (kafka.server.DelayedOperationPurgatory$ExpiredOperationReaper)
[2017-05-05 20:08:04,389] INFO [ExpirationReaper-0], Starting  (kafka.server.DelayedOperationPurgatory$ExpiredOperationReaper)
[2017-05-05 20:08:04,477] INFO Creating /controller (is it secure? false) (kafka.utils.ZKCheckedEphemeral)
[2017-05-05 20:08:04,482] INFO Result of znode creation is: OK (kafka.utils.ZKCheckedEphemeral)
[2017-05-05 20:08:04,482] INFO 0 successfully elected as leader (kafka.server.ZookeeperLeaderElector)
[2017-05-05 20:08:04,590] INFO [ExpirationReaper-0], Starting  (kafka.server.DelayedOperationPurgatory$ExpiredOperationReaper)
[2017-05-05 20:08:04,593] INFO [ExpirationReaper-0], Starting  (kafka.server.DelayedOperationPurgatory$ExpiredOperationReaper)
[2017-05-05 20:08:04,618] INFO [Group Metadata Manager on Broker 0]: Removed 0 expired offsets in 7 milliseconds. (kafka.coordinator.GroupMetadataManager)
[2017-05-05 20:08:04,773] INFO [GroupCoordinator 0]: Starting up. (kafka.coordinator.GroupCoordinator)
[2017-05-05 20:08:04,773] INFO [GroupCoordinator 0]: Startup complete. (kafka.coordinator.GroupCoordinator)
[2017-05-05 20:08:04,791] INFO New leader is 0 (kafka.server.ZookeeperLeaderElector$LeaderChangeListener)
[2017-05-05 20:08:04,923] INFO [ThrottledRequestReaper-Produce], Starting  (kafka.server.ClientQuotaManager$ThrottledRequestReaper)
[2017-05-05 20:08:04,924] INFO [ThrottledRequestReaper-Fetch], Starting  (kafka.server.ClientQuotaManager$ThrottledRequestReaper)
[2017-05-05 20:08:04,933] INFO Will not load MX4J, mx4j-tools.jar is not in the classpath (kafka.utils.Mx4jLoader$)
[2017-05-05 20:08:04,958] INFO Creating /brokers/ids/0 (is it secure? false) (kafka.utils.ZKCheckedEphemeral)
[2017-05-05 20:08:04,963] INFO Result of znode creation is: OK (kafka.utils.ZKCheckedEphemeral)
[2017-05-05 20:08:04,966] INFO Registered broker 0 at path /brokers/ids/0 with addresses: PLAINTEXT -> EndPoint(localhost,9092,PLAINTEXT) (kafka.utils.ZkUtils)
[2017-05-05 20:08:04,967] WARN No meta.properties file under dir /Users/oguzgelal/Core/Oguz/web/LATEST/kanban/target/lagom-dynamic-projects/lagom-internal-meta-project-kafka/target/kafka_data/meta.properties (kafka.server.BrokerMetadataCheckpoint)
[2017-05-05 20:08:04,992] INFO [Kafka Server 0], started (kafka.server.KafkaServer)
[2017-05-05 20:10:24,111] INFO [Kafka Server 0], shutting down (kafka.server.KafkaServer)
[2017-05-05 20:10:24,121] INFO [Kafka Server 0], Starting controlled shutdown (kafka.server.KafkaServer)
[2017-05-05 20:10:24,195] INFO [Kafka Server 0], Controlled shutdown succeeded (kafka.server.KafkaServer)
[2017-05-05 20:10:24,200] INFO [Socket Server on Broker 0], Shutting down (kafka.network.SocketServer)
[2017-05-05 20:10:24,211] INFO [Socket Server on Broker 0], Shutdown completed (kafka.network.SocketServer)
[2017-05-05 20:10:24,211] INFO [Kafka Request Handler on Broker 0], shutting down (kafka.server.KafkaRequestHandlerPool)
[2017-05-05 20:10:24,213] INFO [Kafka Request Handler on Broker 0], shut down completely (kafka.server.KafkaRequestHandlerPool)
[2017-05-05 20:10:24,217] INFO [ThrottledRequestReaper-Produce], Shutting down (kafka.server.ClientQuotaManager$ThrottledRequestReaper)
[2017-05-05 20:10:24,302] INFO [ThrottledRequestReaper-Produce], Shutdown completed (kafka.server.ClientQuotaManager$ThrottledRequestReaper)
[2017-05-05 20:10:24,302] INFO [ThrottledRequestReaper-Produce], Stopped  (kafka.server.ClientQuotaManager$ThrottledRequestReaper)
[2017-05-05 20:10:24,302] INFO [ThrottledRequestReaper-Fetch], Shutting down (kafka.server.ClientQuotaManager$ThrottledRequestReaper)
[2017-05-05 20:10:25,286] INFO [ThrottledRequestReaper-Fetch], Stopped  (kafka.server.ClientQuotaManager$ThrottledRequestReaper)
[2017-05-05 20:10:25,286] INFO [ThrottledRequestReaper-Fetch], Shutdown completed (kafka.server.ClientQuotaManager$ThrottledRequestReaper)
[2017-05-05 20:10:25,286] INFO [KafkaApi-0] Shutdown complete. (kafka.server.KafkaApis)
[2017-05-05 20:10:25,287] INFO [Replica Manager on Broker 0]: Shutting down (kafka.server.ReplicaManager)
[2017-05-05 20:10:25,287] INFO [ReplicaFetcherManager on broker 0] shutting down (kafka.server.ReplicaFetcherManager)
[2017-05-05 20:10:25,288] INFO [ReplicaFetcherManager on broker 0] shutdown completed (kafka.server.ReplicaFetcherManager)
[2017-05-05 20:10:25,288] INFO [ExpirationReaper-0], Shutting down (kafka.server.DelayedOperationPurgatory$ExpiredOperationReaper)
[2017-05-05 20:10:25,444] INFO [ExpirationReaper-0], Stopped  (kafka.server.DelayedOperationPurgatory$ExpiredOperationReaper)
[2017-05-05 20:10:25,444] INFO [ExpirationReaper-0], Shutdown completed (kafka.server.DelayedOperationPurgatory$ExpiredOperationReaper)
[2017-05-05 20:10:25,444] INFO [ExpirationReaper-0], Shutting down (kafka.server.DelayedOperationPurgatory$ExpiredOperationReaper)
[2017-05-05 20:10:25,577] INFO [ExpirationReaper-0], Stopped  (kafka.server.DelayedOperationPurgatory$ExpiredOperationReaper)
[2017-05-05 20:10:25,577] INFO [ExpirationReaper-0], Shutdown completed (kafka.server.DelayedOperationPurgatory$ExpiredOperationReaper)
[2017-05-05 20:10:25,579] INFO [Replica Manager on Broker 0]: Shut down completely (kafka.server.ReplicaManager)
[2017-05-05 20:10:25,580] INFO Shutting down. (kafka.log.LogManager)
[2017-05-05 20:10:25,588] INFO Shutdown complete. (kafka.log.LogManager)
[2017-05-05 20:10:25,589] INFO [GroupCoordinator 0]: Shutting down. (kafka.coordinator.GroupCoordinator)
[2017-05-05 20:10:25,589] INFO [ExpirationReaper-0], Shutting down (kafka.server.DelayedOperationPurgatory$ExpiredOperationReaper)
[2017-05-05 20:10:25,603] INFO [ExpirationReaper-0], Stopped  (kafka.server.DelayedOperationPurgatory$ExpiredOperationReaper)
[2017-05-05 20:10:25,604] INFO [ExpirationReaper-0], Shutdown completed (kafka.server.DelayedOperationPurgatory$ExpiredOperationReaper)
[2017-05-05 20:10:25,604] INFO [ExpirationReaper-0], Shutting down (kafka.server.DelayedOperationPurgatory$ExpiredOperationReaper)
[2017-05-05 20:10:25,781] INFO [ExpirationReaper-0], Stopped  (kafka.server.DelayedOperationPurgatory$ExpiredOperationReaper)
[2017-05-05 20:10:25,781] INFO [ExpirationReaper-0], Shutdown completed (kafka.server.DelayedOperationPurgatory$ExpiredOperationReaper)
[2017-05-05 20:10:25,782] INFO [GroupCoordinator 0]: Shutdown complete. (kafka.coordinator.GroupCoordinator)
[2017-05-05 20:10:25,876] INFO Terminate ZkClient event thread. (org.I0Itec.zkclient.ZkEventThread)
[2017-05-05 20:10:25,880] INFO [Kafka Server 0], shut down completed (kafka.server.KafkaServer)
